nohup: ignoring input

  You can now view your Streamlit app in your browser.

  Local URL: http://localhost:8501
  Network URL: http://172.24.194.190:8501

gio: http://localhost:8501: Operation not supported
[*********************100%***********************]  1 of 1 completed
2026-01-08 16:46:35.605 Uncaught app execution
Traceback (most recent call last):
  File "/home/timothee/projet-quant/venv/lib/python3.12/site-packages/streamlit/runtime/scriptrunner/exec_code.py", line 129, in exec_func_with_error_handling
    result = func()
             ^^^^^^
  File "/home/timothee/projet-quant/venv/lib/python3.12/site-packages/streamlit/runtime/scriptrunner/script_runner.py", line 671, in code_to_exec
    exec(code, module.__dict__)  # noqa: S102
    ^^^^^^^^^^^^^^^^^^^^^^^^^^^
  File "/home/timothee/projet-quant/app/main_app.py", line 39, in <module>
    run_quant_b()
    ^^^^^^^^^^^
NameError: name 'run_quant_b' is not defined
2026-01-08 16:46:36.762 Uncaught app execution
Traceback (most recent call last):
  File "/home/timothee/projet-quant/venv/lib/python3.12/site-packages/streamlit/runtime/scriptrunner/exec_code.py", line 129, in exec_func_with_error_handling
    result = func()
             ^^^^^^
  File "/home/timothee/projet-quant/venv/lib/python3.12/site-packages/streamlit/runtime/scriptrunner/script_runner.py", line 671, in code_to_exec
    exec(code, module.__dict__)  # noqa: S102
    ^^^^^^^^^^^^^^^^^^^^^^^^^^^
  File "/home/timothee/projet-quant/app/main_app.py", line 36, in <module>
    run_quant_a()
    ^^^^^^^^^^^
NameError: name 'run_quant_a' is not defined
2026-01-08 16:46:38.073 Uncaught app execution
Traceback (most recent call last):
  File "/home/timothee/projet-quant/venv/lib/python3.12/site-packages/streamlit/runtime/scriptrunner/exec_code.py", line 129, in exec_func_with_error_handling
    result = func()
             ^^^^^^
  File "/home/timothee/projet-quant/venv/lib/python3.12/site-packages/streamlit/runtime/scriptrunner/script_runner.py", line 671, in code_to_exec
    exec(code, module.__dict__)  # noqa: S102
    ^^^^^^^^^^^^^^^^^^^^^^^^^^^
  File "/home/timothee/projet-quant/app/main_app.py", line 39, in <module>
    run_quant_b()
    ^^^^^^^^^^^
NameError: name 'run_quant_b' is not defined
2026-01-08 16:46:38.794 Uncaught app execution
Traceback (most recent call last):
  File "/home/timothee/projet-quant/venv/lib/python3.12/site-packages/streamlit/runtime/scriptrunner/exec_code.py", line 129, in exec_func_with_error_handling
    result = func()
             ^^^^^^
  File "/home/timothee/projet-quant/venv/lib/python3.12/site-packages/streamlit/runtime/scriptrunner/script_runner.py", line 671, in code_to_exec
    exec(code, module.__dict__)  # noqa: S102
    ^^^^^^^^^^^^^^^^^^^^^^^^^^^
  File "/home/timothee/projet-quant/app/main_app.py", line 36, in <module>
    run_quant_a()
    ^^^^^^^^^^^
NameError: name 'run_quant_a' is not defined
2026-01-08 16:46:40.771 Uncaught app execution
Traceback (most recent call last):
  File "/home/timothee/projet-quant/venv/lib/python3.12/site-packages/streamlit/runtime/scriptrunner/exec_code.py", line 129, in exec_func_with_error_handling
    result = func()
             ^^^^^^
  File "/home/timothee/projet-quant/venv/lib/python3.12/site-packages/streamlit/runtime/scriptrunner/script_runner.py", line 671, in code_to_exec
    exec(code, module.__dict__)  # noqa: S102
    ^^^^^^^^^^^^^^^^^^^^^^^^^^^
  File "/home/timothee/projet-quant/app/main_app.py", line 39, in <module>
    run_quant_b()
    ^^^^^^^^^^^
NameError: name 'run_quant_b' is not defined
2026-01-08 16:46:41.186 Uncaught app execution
Traceback (most recent call last):
  File "/home/timothee/projet-quant/venv/lib/python3.12/site-packages/streamlit/runtime/scriptrunner/exec_code.py", line 129, in exec_func_with_error_handling
    result = func()
             ^^^^^^
  File "/home/timothee/projet-quant/venv/lib/python3.12/site-packages/streamlit/runtime/scriptrunner/script_runner.py", line 671, in code_to_exec
    exec(code, module.__dict__)  # noqa: S102
    ^^^^^^^^^^^^^^^^^^^^^^^^^^^
  File "/home/timothee/projet-quant/app/main_app.py", line 36, in <module>
    run_quant_a()
    ^^^^^^^^^^^
NameError: name 'run_quant_a' is not defined
2026-01-08 16:46:42.155 Uncaught app execution
Traceback (most recent call last):
  File "/home/timothee/projet-quant/venv/lib/python3.12/site-packages/streamlit/runtime/scriptrunner/exec_code.py", line 129, in exec_func_with_error_handling
    result = func()
             ^^^^^^
  File "/home/timothee/projet-quant/venv/lib/python3.12/site-packages/streamlit/runtime/scriptrunner/script_runner.py", line 671, in code_to_exec
    exec(code, module.__dict__)  # noqa: S102
    ^^^^^^^^^^^^^^^^^^^^^^^^^^^
  File "/home/timothee/projet-quant/app/main_app.py", line 36, in <module>
    run_quant_a()
    ^^^^^^^^^^^
NameError: name 'run_quant_a' is not defined
2026-01-08 16:46:42.603 Uncaught app execution
Traceback (most recent call last):
  File "/home/timothee/projet-quant/venv/lib/python3.12/site-packages/streamlit/runtime/scriptrunner/exec_code.py", line 129, in exec_func_with_error_handling
    result = func()
             ^^^^^^
  File "/home/timothee/projet-quant/venv/lib/python3.12/site-packages/streamlit/runtime/scriptrunner/script_runner.py", line 671, in code_to_exec
    exec(code, module.__dict__)  # noqa: S102
    ^^^^^^^^^^^^^^^^^^^^^^^^^^^
  File "/home/timothee/projet-quant/app/main_app.py", line 39, in <module>
    run_quant_b()
    ^^^^^^^^^^^
NameError: name 'run_quant_b' is not defined
2026-01-08 16:46:43.952 Uncaught app execution
Traceback (most recent call last):
  File "/home/timothee/projet-quant/venv/lib/python3.12/site-packages/streamlit/runtime/scriptrunner/exec_code.py", line 129, in exec_func_with_error_handling
    result = func()
             ^^^^^^
  File "/home/timothee/projet-quant/venv/lib/python3.12/site-packages/streamlit/runtime/scriptrunner/script_runner.py", line 671, in code_to_exec
    exec(code, module.__dict__)  # noqa: S102
    ^^^^^^^^^^^^^^^^^^^^^^^^^^^
  File "/home/timothee/projet-quant/app/main_app.py", line 36, in <module>
    run_quant_a()
    ^^^^^^^^^^^
NameError: name 'run_quant_a' is not defined
